# JRE version: OpenJDK Runtime Environment Temurin-17.0.7+7 (17.0.7+7) (build 17.0.7+7)
# Java VM: OpenJDK 64-Bit Server VM Temurin-17.0.7+7 (17.0.7+7, mixed mode, tiered, compressed oops, compressed class ptrs, g1 gc, windows-amd64)
GC Precious Log:
 CPUs: 4 total, 4 available
 Memory: 3930M
 Large Page Support: Disabled
 NUMA Support: Disabled
 Compressed Oops: Enabled (32-bit)
 Heap Region Size: 1M
 Heap Min Capacity: 8M
 Heap Initial Capacity: 62M
 Heap Max Capacity: 2G
 Pre-touch: Disabled
 Parallel Workers: 4
 Concurrent Workers: 1
 Concurrent Refinement Workers: 4
 Periodic GC: Disabled
Heap:
 garbage-first heap   total 30720K, used 20346K [0x0000000080000000, 0x0000000100000000)
  region size 1024K, 10 young (10240K), 1 survivors (1024K)
 Metaspace       used 33448K, committed 33856K, reserved 1114112K
  class space    used 3844K, committed 4032K, reserved 1048576K
GC Heap History (16 events):
Event: 1.275 GC heap before
{Heap before GC invocations=0 (full 0):
 garbage-first heap   total 63488K, used 12288K [0x0000000080000000, 0x0000000100000000)
  region size 1024K, 13 young (13312K), 0 survivors (0K)
 Metaspace       used 10137K, committed 10304K, reserved 1114112K
  class space    used 959K, committed 1024K, reserved 1048576K
}
Event: 1.282 GC heap after
{Heap after GC invocations=1 (full 0):
 garbage-first heap   total 63488K, used 4717K [0x0000000080000000, 0x0000000100000000)
  region size 1024K, 2 young (2048K), 2 survivors (2048K)
 Metaspace       used 10137K, committed 10304K, reserved 1114112K
  class space    used 959K, committed 1024K, reserved 1048576K
}
Event: 2.108 GC heap before
{Heap before GC invocations=1 (full 0):
 garbage-first heap   total 63488K, used 19053K [0x0000000080000000, 0x0000000100000000)
  region size 1024K, 16 young (16384K), 2 survivors (2048K)
 Metaspace       used 16230K, committed 16512K, reserved 1114112K
  class space    used 1675K, committed 1792K, reserved 1048576K
}
Event: 2.116 GC heap after
{Heap after GC invocations=2 (full 0):
 garbage-first heap   total 63488K, used 6547K [0x0000000080000000, 0x0000000100000000)
  region size 1024K, 2 young (2048K), 2 survivors (2048K)
 Metaspace       used 16230K, committed 16512K, reserved 1114112K
  class space    used 1675K, committed 1792K, reserved 1048576K
}
Event: 3.143 GC heap before
{Heap before GC invocations=2 (full 0):
 garbage-first heap   total 63488K, used 16787K [0x0000000080000000, 0x0000000100000000)
  region size 1024K, 13 young (13312K), 2 survivors (2048K)
 Metaspace       used 21285K, committed 21504K, reserved 1114112K
  class space    used 2292K, committed 2432K, reserved 1048576K
}
Event: 3.157 GC heap after
{Heap after GC invocations=3 (full 0):
 garbage-first heap   total 63488K, used 7793K [0x0000000080000000, 0x0000000100000000)
  region size 1024K, 3 young (3072K), 3 survivors (3072K)
 Metaspace       used 21285K, committed 21504K, reserved 1114112K
  class space    used 2292K, committed 2432K, reserved 1048576K
}
Event: 3.613 GC heap before
{Heap before GC invocations=4 (full 0):
 garbage-first heap   total 30720K, used 21105K [0x0000000080000000, 0x0000000100000000)
  region size 1024K, 17 young (17408K), 3 survivors (3072K)
 Metaspace       used 24558K, committed 24960K, reserved 1114112K
  class space    used 2673K, committed 2880K, reserved 1048576K
}
Event: 3.620 GC heap after
{Heap after GC invocations=5 (full 0):
 garbage-first heap   total 30720K, used 8642K [0x0000000080000000, 0x0000000100000000)
  region size 1024K, 3 young (3072K), 3 survivors (3072K)
 Metaspace       used 24558K, committed 24960K, reserved 1114112K
  class space    used 2673K, committed 2880K, reserved 1048576K
}
Event: 4.103 GC heap before
{Heap before GC invocations=5 (full 0):
 garbage-first heap   total 30720K, used 17858K [0x0000000080000000, 0x0000000100000000)
  region size 1024K, 13 young (13312K), 3 survivors (3072K)
 Metaspace       used 27851K, committed 28160K, reserved 1114112K
  class space    used 3087K, committed 3200K, reserved 1048576K
}
Event: 4.107 GC heap after
{Heap after GC invocations=6 (full 0):
 garbage-first heap   total 30720K, used 9791K [0x0000000080000000, 0x0000000100000000)
  region size 1024K, 2 young (2048K), 2 survivors (2048K)
 Metaspace       used 27851K, committed 28160K, reserved 1114112K
  class space    used 3087K, committed 3200K, reserved 1048576K
}
Event: 4.594 GC heap before
{Heap before GC invocations=6 (full 0):
 garbage-first heap   total 30720K, used 19007K [0x0000000080000000, 0x0000000100000000)
  region size 1024K, 12 young (12288K), 2 survivors (2048K)
 Metaspace       used 30407K, committed 30720K, reserved 1114112K
  class space    used 3398K, committed 3520K, reserved 1048576K
}
Event: 4.599 GC heap after
{Heap after GC invocations=7 (full 0):
 garbage-first heap   total 30720K, used 11335K [0x0000000080000000, 0x0000000100000000)
  region size 1024K, 2 young (2048K), 2 survivors (2048K)
 Metaspace       used 30407K, committed 30720K, reserved 1114112K
  class space    used 3398K, committed 3520K, reserved 1048576K
}
Event: 9.045 GC heap before
{Heap before GC invocations=7 (full 0):
 garbage-first heap   total 30720K, used 20551K [0x0000000080000000, 0x0000000100000000)
  region size 1024K, 11 young (11264K), 2 survivors (2048K)
 Metaspace       used 32509K, committed 32832K, reserved 1114112K
  class space    used 3712K, committed 3904K, reserved 1048576K
}
Event: 9.050 GC heap after
{Heap after GC invocations=8 (full 0):
 garbage-first heap   total 30720K, used 11976K [0x0000000080000000, 0x0000000100000000)
  region size 1024K, 1 young (1024K), 1 survivors (1024K)
 Metaspace       used 32509K, committed 32832K, reserved 1114112K
  class space    used 3712K, committed 3904K, reserved 1048576K
}
Event: 11.804 GC heap before
{Heap before GC invocations=8 (full 0):
 garbage-first heap   total 30720K, used 20168K [0x0000000080000000, 0x0000000100000000)
  region size 1024K, 10 young (10240K), 1 survivors (1024K)
 Metaspace       used 33086K, committed 33472K, reserved 1114112K
  class space    used 3796K, committed 3968K, reserved 1048576K
}
Event: 11.806 GC heap after
{Heap after GC invocations=9 (full 0):
 garbage-first heap   total 30720K, used 12154K [0x0000000080000000, 0x0000000100000000)
  region size 1024K, 1 young (1024K), 1 survivors (1024K)
 Metaspace       used 33086K, committed 33472K, reserved 1114112K
  class space    used 3796K, committed 3968K, reserved 1048576K
}

